Warehouse with robot at (10, 3):
##############
##......##..##
##..........##
##....[][]@.##
##....[]....##
##..........##
##############

Moves:
<vv<<^^<<^^
Moving left
Move 1:
Warehouse with robot at (10, 3):
##############
##......##..##
##..........##
##..[]..[]@.##
##....[]....##
##..........##
##############

Moving down
Move 2:
Warehouse with robot at (10, 3):
##############
##......##..##
##..........##
##..[]..[]..##
##....[]..@.##
##..........##
##############

Moving down
Move 3:
Warehouse with robot at (10, 3):
##############
##......##..##
##..........##
##..[]..[]..##
##....[]..@.##
##..........##
##############

Moving left
Move 4:
Warehouse with robot at (10, 3):
##############
##......##..##
##..........##
##..[][]....##
##....[]..@.##
##..........##
##############

Moving left
Move 5:
Warehouse with robot at (10, 3):
##############
##......##..##
##..........##
##..[][]....##
##....[]..@.##
##..........##
##############

Moving up
Move 6:
Warehouse with robot at (10, 3):
##############
##......##..##
##..........##
##..[][]....##
##....[]..@.##
##..........##
##############

Moving up
Move 7:
Warehouse with robot at (10, 3):
##############
##......##..##
##..........##
##..[][]....##
##....[]..@.##
##..........##
##############

Moving left
Move 8:
Warehouse with robot at (10, 3):
##############
##......##..##
##..........##
##..[][]....##
##....[]..@.##
##..........##
##############

Moving left
Move 9:
Warehouse with robot at (10, 3):
##############
##......##..##
##..........##
##..[][]....##
##....[]..@.##
##..........##
##############

Moving up
Move 10:
Warehouse with robot at (10, 3):
##############
##......##..##
##..........##
##..[][]....##
##....[]..@.##
##..........##
##############

Moving up
Move 11:
Warehouse with robot at (10, 3):
##############
##......##..##
##..........##
##..[][]....##
##....[]..@.##
##..........##
##############

Final GPS Sum:
1016
